<?xml version="1.0" encoding="utf-8"?><testsuites name="pytest tests"><testsuite name="pytest" errors="0" failures="0" skipped="1" tests="14" time="4.371" timestamp="2026-02-04T13:49:43.455302+00:00" hostname="agent-env-4053971e-9382-44e2-b67c-9d34012b9b4e"><testcase classname="backend.tests.test_new_features.TestPublicCountriesAPI" name="test_get_countries_public" time="0.078" /><testcase classname="backend.tests.test_new_features.TestAdminAuthentication" name="test_admin_login" time="0.303" /><testcase classname="backend.tests.test_new_features.TestAdminCountriesAPI" name="test_admin_list_countries" time="0.292" /><testcase classname="backend.tests.test_new_features.TestAdminCountriesAPI" name="test_admin_add_country" time="0.302" /><testcase classname="backend.tests.test_new_features.TestAdminCountriesAPI" name="test_admin_delete_country" time="0.338" /><testcase classname="backend.tests.test_new_features.TestAdminCountriesAPI" name="test_admin_countries_unauthorized" time="0.296" /><testcase classname="backend.tests.test_new_features.TestAdminSettingsAPI" name="test_get_settings" time="0.299" /><testcase classname="backend.tests.test_new_features.TestAdminSettingsAPI" name="test_update_settings_commission_toggle" time="0.373" /><testcase classname="backend.tests.test_new_features.TestAdminSettingsAPI" name="test_update_settings_commission_rates" time="0.375" /><testcase classname="backend.tests.test_new_features.TestAdminSettingsAPI" name="test_settings_unauthorized" time="0.305" /><testcase classname="backend.tests.test_new_features.TestPaymentsAPI" name="test_admin_list_payments" time="0.295" /><testcase classname="backend.tests.test_new_features.TestPaymentsAPI" name="test_create_payment_no_contract" time="0.297" /><testcase classname="backend.tests.test_new_features.TestPaymentsAPI" name="test_get_contract_payment_no_payment" time="0.298"><skipped type="pytest.skip" message="No contracts available">/app/backend/tests/test_new_features.py:335: No contracts available</skipped></testcase><testcase classname="backend.tests.test_new_features.TestCleanup" name="test_cleanup_test_countries" time="0.453" /></testsuite></testsuites>